Flutter crash report.
Please report a bug at https://github.com/flutter/flutter/issues.

## command

flutter run --machine --start-paused -d 192.168.207.101:5555 --devtools-server-address http://127.0.0.1:9101/ --target C:\Users\Tatyana\OneDrive\Desktop\tada\tada\lib\main.dart

## exception

SocketException: SocketException: Write failed (OS Error: The pipe is being closed.
, errno = 232), port = 0

```
#0      _NativeSocket.write (dart:io-patch/socket_patch.dart:1475:34)
#1      _RawSocket.write (dart:io-patch/socket_patch.dart:2400:15)
#2      _Socket._write (dart:io-patch/socket_patch.dart:2936:18)
#3      _SocketStreamConsumer.write (dart:io-patch/socket_patch.dart:2659:28)
#4      _SocketStreamConsumer.addStream.<anonymous closure> (dart:io-patch/socket_patch.dart:2607:13)
#5      _rootRunUnary (dart:async/zone.dart:1538:47)
#6      _CustomZone.runUnary (dart:async/zone.dart:1429:19)
#7      _CustomZone.runUnaryGuarded (dart:async/zone.dart:1329:7)
#8      _BufferingStreamSubscription._sendData (dart:async/stream_impl.dart:381:11)
#9      _DelayedData.perform (dart:async/stream_impl.dart:573:14)
#10     _PendingEvents.handleNext (dart:async/stream_impl.dart:678:11)
#11     _PendingEvents.schedule.<anonymous closure> (dart:async/stream_impl.dart:649:7)
#12     _rootRun (dart:async/zone.dart:1517:47)
#13     _CustomZone.run (dart:async/zone.dart:1422:19)
#14     _CustomZone.runGuarded (dart:async/zone.dart:1321:7)
#15     _CustomZone.bindCallbackGuarded.<anonymous closure> (dart:async/zone.dart:1362:23)
#16     _rootRun (dart:async/zone.dart:1525:13)
#17     _CustomZone.run (dart:async/zone.dart:1422:19)
#18     _CustomZone.runGuarded (dart:async/zone.dart:1321:7)
#19     _CustomZone.bindCallbackGuarded.<anonymous closure> (dart:async/zone.dart:1362:23)
#20     _microtaskLoop (dart:async/schedule_microtask.dart:40:21)
#21     _startMicrotaskLoop (dart:async/schedule_microtask.dart:49:5)
#22     _runPendingImmediateCallback (dart:isolate-patch/isolate_patch.dart:128:13)
#23     _RawReceivePort._handleMessage (dart:isolate-patch/isolate_patch.dart:195:5)
```

## flutter doctor

```
[✓] Flutter (Channel stable, 3.29.2, on Microsoft Windows [Version 10.0.19045.5737], locale uk-UA) [585ms]
    • Flutter version 3.29.2 on channel stable at C:\flutter
    • Upstream repository https://github.com/flutter/flutter.git
    • Framework revision c236373904 (4 weeks ago), 2025-03-13 16:17:06 -0400
    • Engine revision 18b71d647a
    • Dart version 3.7.2
    • DevTools version 2.42.3

[✓] Windows Version (Њ ©Єа®б®дв Windows 10 Pro Education 64-bit, 22H2, 2009) [14,8s]

[!] Android toolchain - develop for Android devices (Android SDK version 35.0.0) [2,9s]
    • Android SDK at C:\Users\Tatyana\AppData\Local\Android\sdk
    ✗ cmdline-tools component is missing
      Run `path/to/sdkmanager --install "cmdline-tools;latest"`
      See https://developer.android.com/studio/command-line for more details.
    ✗ Android license status unknown.
      Run `flutter doctor --android-licenses` to accept the SDK licenses.
      See https://flutter.dev/to/windows-android-setup for more details.

[✗] Chrome - develop for the web (Cannot find Chrome executable at .\Google\Chrome\Application\chrome.exe) [2ms]
    ! Cannot find Chrome. Try setting CHROME_EXECUTABLE to a Chrome executable.

[✗] Visual Studio - develop Windows apps [1ms]
    ✗ Visual Studio not installed; this is necessary to develop Windows apps.
      Download at https://visualstudio.microsoft.com/downloads/.
      Please install the "Desktop development with C++" workload, including all of its default components

[!] Android Studio (not installed) [1ms]
    • Android Studio not found; download from https://developer.android.com/studio/index.html
      (or visit https://flutter.dev/to/windows-android-setup for detailed instructions).

[✓] Connected device (3 available) [3,3s]
    • Pixel 7a (mobile) • 192.168.207.101:5555 • android-x86    • Android 10 (API 29)
    • Windows (desktop) • windows              • windows-x64    • Microsoft Windows [Version 10.0.19045.5737]
    • Edge (web)        • edge                 • web-javascript • Microsoft Edge 135.0.3179.66

[✓] Network resources [3,6s]
    • All expected network resources are available.

! Doctor found issues in 4 categories.
```
